ex.total = 0
ex1.total = 100
foo content: ciao
bar content: Example
Starting getting content ...
[ 1 2 ]
Finished getting content ...
Starting getting content ...
[ 1 2 ]
Finished getting content ...
Starting getting content ...
[ 2 3 ]
Finished getting content ...
Starting getting content ...
[ 0 0 0 0 0 ]
Finished getting content ...
Starting getting content ...
[ 1 1 1 1 1 ]
Finished getting content ...
eca.content() = ECA
eca1.content() = ECA1
eca.content() = ECA1
eca1.content() = ECA1
emv's content: Example
